<?xml version="1.0" encoding="UTF-8"?>
<testsuite name="com.hrms.app.webapp.controller.IndexControllerIntegrationTest" time="1.439" tests="5" errors="0" skipped="0" failures="0">
  <properties>
[...]
</properties>
  <testcase name="testCreateSignupFormInvalidUser" classname="com.hrms.app.webapp.controller.IndexControllerIntegrationTest" time="1.345"/>
  <testcase name="testCreateSignupForm" classname="com.hrms.app.webapp.controller.IndexControllerIntegrationTest" time="0.066"/>
  <testcase name="testCreateSignupFormErrors" classname="com.hrms.app.webapp.controller.IndexControllerIntegrationTest" time="0.016"/>
  <testcase name="testGetSignupForm" classname="com.hrms.app.webapp.controller.IndexControllerIntegrationTest" time="0.004"/>
  <testcase name="testSecurityError" classname="com.hrms.app.webapp.controller.IndexControllerIntegrationTest" time="0.008"/>
</testsuite>